<?xml version="1.0" encoding="UTF-8"?>
<testsuite xmlns:xsi="http://www.w3.org/2001/XMLSchema-instance" xsi:noNamespaceSchemaLocation="https://maven.apache.org/surefire/maven-surefire-plugin/xsd/surefire-test-report-3.0.xsd" version="3.0" name="cucumbertest.RunCucumberTest" time="0.262" tests="3" errors="0" skipped="0" failures="0">
  <properties>
[...]
</properties>
  <testcase name="Example #1.1" classname="Examples" time="0.078">
    <system-out><![CDATA[
Scenario Outline: Limit parameter is or is not valid &amp#27;[90m# cucumbertest/breeds.feature:13&amp#27;[0m
  &amp#27;[32mGiven &amp#27;[0m&amp#27;[32mlimit parameter as &amp#27;[0m&amp#27;[32m&amp#27;[1m"1"&amp#27;[0m                       &amp#27;[90m# cucumbertest.StepDefinitions.limit_is(java.lang.String)&amp#27;[0m
  &amp#27;[32mWhen &amp#27;[0m&amp#27;[32mI check if it is an integer&amp#27;[0m                   &amp#27;[90m# cucumbertest.StepDefinitions.i_check_if_it_is_an_integer()&amp#27;[0m
  &amp#27;[32mThen &amp#27;[0m&amp#27;[32mI should assert &amp#27;[0m&amp#27;[32m&amp#27;[1m"valid!"&amp#27;[0m                      &amp#27;[90m# cucumbertest.StepDefinitions.i_should_assert(java.lang.String)&amp#27;[0m
]]></system-out>
  </testcase>
  <testcase name="Example #1.2" classname="Examples" time="0.007">
    <system-out><![CDATA[
Scenario Outline: Limit parameter is or is not valid &amp#27;[90m# cucumbertest/breeds.feature:14&amp#27;[0m
  &amp#27;[32mGiven &amp#27;[0m&amp#27;[32mlimit parameter as &amp#27;[0m&amp#27;[32m&amp#27;[1m"0.5"&amp#27;[0m                     &amp#27;[90m# cucumbertest.StepDefinitions.limit_is(java.lang.String)&amp#27;[0m
  &amp#27;[32mWhen &amp#27;[0m&amp#27;[32mI check if it is an integer&amp#27;[0m                   &amp#27;[90m# cucumbertest.StepDefinitions.i_check_if_it_is_an_integer()&amp#27;[0m
  &amp#27;[32mThen &amp#27;[0m&amp#27;[32mI should assert &amp#27;[0m&amp#27;[32m&amp#27;[1m"not valid!"&amp#27;[0m                  &amp#27;[90m# cucumbertest.StepDefinitions.i_should_assert(java.lang.String)&amp#27;[0m
]]></system-out>
  </testcase>
  <testcase name="Example #1.3" classname="Examples" time="0.007">
    <system-out><![CDATA[
Scenario Outline: Limit parameter is or is not valid &amp#27;[90m# cucumbertest/breeds.feature:15&amp#27;[0m
  &amp#27;[32mGiven &amp#27;[0m&amp#27;[32mlimit parameter as &amp#27;[0m&amp#27;[32m&amp#27;[1m"abc"&amp#27;[0m                     &amp#27;[90m# cucumbertest.StepDefinitions.limit_is(java.lang.String)&amp#27;[0m
  &amp#27;[32mWhen &amp#27;[0m&amp#27;[32mI check if it is an integer&amp#27;[0m                   &amp#27;[90m# cucumbertest.StepDefinitions.i_check_if_it_is_an_integer()&amp#27;[0m
  &amp#27;[32mThen &amp#27;[0m&amp#27;[32mI should assert &amp#27;[0m&amp#27;[32m&amp#27;[1m"not valid!"&amp#27;[0m                  &amp#27;[90m# cucumbertest.StepDefinitions.i_should_assert(java.lang.String)&amp#27;[0m
]]></system-out>
  </testcase>
</testsuite>